TN:
SF:./src/client/test-helpers/bind-polyfill.js
FN:10,(anonymous_1)
FN:20,(anonymous_2)
FN:21,(anonymous_3)
FNF:3
FNH:0
FNDA:0,(anonymous_1)
FNDA:0,(anonymous_2)
FNDA:0,(anonymous_3)
DA:8,1
DA:10,0
DA:11,0
DA:14,0
DA:15,0
DA:18,0
DA:22,0
DA:26,0
DA:27,0
DA:29,0
LF:10
LH:1
BRDA:8,1,0,0
BRDA:8,1,1,1
BRDA:11,2,0,0
BRDA:11,2,1,0
BRDA:22,3,0,0
BRDA:22,3,1,0
BRDA:22,4,0,0
BRDA:22,4,1,0
BRF:8
BRH:1
end_of_record
TN:
SF:./src/client/app/admin/admin.module.js
FN:2,(anonymous_1)
FNF:1
FNH:1
FNDA:1,(anonymous_1)
DA:2,1
DA:5,1
LF:2
LH:2
BRF:0
BRH:0
end_of_record
TN:
SF:./src/client/app/app.module.js
FN:2,(anonymous_1)
FNF:1
FNH:1
FNDA:1,(anonymous_1)
DA:2,1
DA:5,1
LF:2
LH:2
BRF:0
BRH:0
end_of_record
TN:
SF:./src/client/app/blocks/router/router.module.js
FN:1,(anonymous_1)
FNF:1
FNH:1
FNDA:1,(anonymous_1)
DA:1,1
DA:4,1
LF:2
LH:2
BRF:0
BRH:0
end_of_record
TN:
SF:./src/client/app/core/core.module.js
FN:2,(anonymous_1)
FNF:1
FNH:1
FNDA:1,(anonymous_1)
DA:2,1
DA:5,1
LF:2
LH:2
BRF:0
BRH:0
end_of_record
TN:
SF:./src/client/app/dashboard/dashboard.module.js
FN:2,(anonymous_1)
FNF:1
FNH:1
FNDA:1,(anonymous_1)
DA:2,1
DA:5,1
LF:2
LH:2
BRF:0
BRH:0
end_of_record
TN:
SF:./src/client/app/layout/layout.module.js
FN:2,(anonymous_1)
FNF:1
FNH:1
FNDA:1,(anonymous_1)
DA:2,1
DA:5,1
LF:2
LH:2
BRF:0
BRH:0
end_of_record
TN:
SF:./src/client/app/search/search.module.js
FN:2,(anonymous_1)
FNF:1
FNH:1
FNDA:1,(anonymous_1)
DA:2,1
DA:5,1
LF:2
LH:2
BRF:0
BRH:0
end_of_record
TN:
SF:./src/client/app/widgets/widgets.module.js
FN:2,(anonymous_1)
FNF:1
FNH:1
FNDA:1,(anonymous_1)
DA:2,1
DA:5,1
LF:2
LH:2
BRF:0
BRH:0
end_of_record
TN:
SF:./src/client/app/admin/admin.controller.js
FN:2,(anonymous_1)
FN:10,AdminController
FNF:2
FNH:1
FNDA:1,(anonymous_1)
FNDA:0,AdminController
DA:2,1
DA:5,1
DA:10,1
DA:11,0
DA:12,0
LF:5
LH:3
BRF:0
BRH:0
end_of_record
TN:
SF:./src/client/app/admin/admin.route.js
FN:2,(anonymous_1)
FN:11,appRun
FN:15,getStates
FNF:3
FNH:1
FNDA:1,(anonymous_1)
FNDA:0,appRun
FNDA:0,getStates
DA:2,1
DA:5,1
DA:9,1
DA:11,1
DA:12,0
DA:15,1
DA:16,0
LF:7
LH:5
BRF:0
BRH:0
end_of_record
TN:
SF:./src/client/app/blocks/router/router-helper.provider.js
FN:2,(anonymous_1)
FN:11,routerHelperProvider
FN:20,(anonymous_3)
FN:27,RouterHelper
FN:47,configureStates
FN:48,(anonymous_6)
FN:59,handleRoutingErrors
FN:64,(anonymous_8)
FN:81,init
FN:86,getStates
FN:88,updateDocTitle
FN:90,(anonymous_12)
FNF:12
FNH:10
FNDA:1,(anonymous_1)
FNDA:3,routerHelperProvider
FNDA:3,(anonymous_3)
FNDA:3,RouterHelper
FNDA:3,configureStates
FNDA:3,(anonymous_6)
FNDA:3,handleRoutingErrors
FNDA:0,(anonymous_8)
FNDA:3,init
FNDA:0,getStates
FNDA:3,updateDocTitle
FNDA:2,(anonymous_12)
DA:2,1
DA:5,1
DA:9,1
DA:11,1
DA:13,3
DA:18,3
DA:20,3
DA:21,3
DA:24,3
DA:25,3
DA:27,1
DA:28,3
DA:29,3
DA:30,3
DA:35,3
DA:41,3
DA:43,3
DA:47,1
DA:48,3
DA:49,3
DA:51,3
DA:53,3
DA:54,3
DA:55,3
DA:59,1
DA:63,3
DA:65,0
DA:66,0
DA:68,0
DA:69,0
DA:70,0
DA:73,0
DA:76,0
DA:81,1
DA:82,3
DA:83,3
DA:86,1
DA:88,1
DA:89,3
DA:91,2
DA:92,2
DA:93,2
DA:94,2
LF:43
LH:36
BRDA:50,1,0,3
BRDA:50,1,1,3
BRDA:53,2,0,3
BRDA:53,2,1,0
BRDA:53,3,0,3
BRDA:53,3,1,3
BRDA:65,4,0,0
BRDA:65,4,1,0
BRDA:70,5,0,0
BRDA:70,5,1,0
BRDA:70,5,2,0
BRDA:70,5,3,0
BRDA:70,5,4,0
BRDA:74,6,0,0
BRDA:74,6,1,0
BRDA:74,7,0,0
BRDA:74,7,1,0
BRDA:75,8,0,0
BRDA:75,8,1,0
BRDA:93,9,0,2
BRDA:93,9,1,0
BRF:21
BRH:6
end_of_record
TN:
SF:./src/client/app/core/config.js
FN:2,(anonymous_1)
FN:18,configure
FNF:2
FNH:2
FNDA:1,(anonymous_1)
FNDA:3,configure
DA:2,1
DA:5,1
DA:7,1
DA:12,1
DA:14,1
DA:16,1
DA:18,1
DA:19,3
DA:20,3
DA:22,3
LF:10
LH:10
BRDA:19,1,0,3
BRDA:19,1,1,0
BRF:2
BRH:1
end_of_record
TN:
SF:./src/client/app/core/core.route.js
FN:1,(anonymous_1)
FN:9,appRun
FN:14,getStates
FNF:3
FNH:3
FNDA:1,(anonymous_1)
FNDA:3,appRun
FNDA:3,getStates
DA:1,1
DA:4,1
DA:9,1
DA:10,3
DA:11,3
DA:14,1
DA:15,3
LF:7
LH:7
BRF:0
BRH:0
end_of_record
TN:
SF:./src/client/app/dashboard/dashboard.controller.js
FN:1,(anonymous_1)
FN:10,DashboardController
FNF:2
FNH:1
FNDA:1,(anonymous_1)
FNDA:0,DashboardController
DA:1,1
DA:4,1
DA:8,1
DA:10,1
DA:11,0
DA:12,0
DA:16,0
DA:17,0
DA:27,0
LF:9
LH:4
BRF:0
BRH:0
end_of_record
TN:
SF:./src/client/app/dashboard/dashboard.route.js
FN:2,(anonymous_1)
FN:11,appRun
FN:15,getStates
FNF:3
FNH:1
FNDA:1,(anonymous_1)
FNDA:0,appRun
FNDA:0,getStates
DA:2,1
DA:5,1
DA:9,1
DA:11,1
DA:12,0
DA:15,1
DA:16,0
LF:7
LH:5
BRF:0
BRH:0
end_of_record
TN:
SF:./src/client/app/layout/ht-sidebar.directive.js
FN:2,(anonymous_1)
FN:10,htSidebar
FN:27,link
FN:33,dropdown
FNF:4
FNH:1
FNDA:1,(anonymous_1)
FNDA:0,htSidebar
FNDA:0,link
FNDA:0,dropdown
DA:2,1
DA:5,1
DA:10,1
DA:17,0
DA:25,0
DA:27,1
DA:28,0
DA:29,0
DA:30,0
DA:31,0
DA:33,1
DA:34,0
DA:35,0
DA:36,0
DA:37,0
DA:38,0
DA:39,0
DA:40,0
DA:41,0
LF:19
LH:5
BRDA:36,1,0,0
BRDA:36,1,1,0
BRDA:39,2,0,0
BRDA:39,2,1,0
BRF:4
BRH:0
end_of_record
TN:
SF:./src/client/app/layout/ht-top-nav-directive.js
FN:2,(anonymous_1)
FN:10,htTopNav
FN:23,TopNavController
FNF:3
FNH:1
FNDA:1,(anonymous_1)
FNDA:0,htTopNav
FNDA:0,TopNavController
DA:2,1
DA:5,1
DA:10,1
DA:11,0
DA:23,1
DA:24,0
DA:27,0
LF:7
LH:4
BRF:0
BRH:0
end_of_record
TN:
SF:./src/client/app/layout/shell.controller.js
FN:2,(anonymous_1)
FN:10,ShellController
FN:20,hideSplash
FN:22,(anonymous_4)
FNF:4
FNH:1
FNDA:1,(anonymous_1)
FNDA:0,ShellController
FNDA:0,hideSplash
FNDA:0,(anonymous_4)
DA:2,1
DA:4,1
DA:8,1
DA:10,1
DA:11,0
DA:14,0
DA:15,0
DA:19,0
DA:20,1
DA:22,0
DA:23,0
LF:11
LH:5
BRF:0
BRH:0
end_of_record
TN:
SF:./src/client/app/layout/sidebar.controller.js
FN:2,(anonymous_1)
FN:11,SidebarController
FN:18,activate
FN:20,getNavRoutes
FN:21,(anonymous_5)
FN:23,(anonymous_6)
FN:28,isCurrent
FNF:7
FNH:1
FNDA:1,(anonymous_1)
FNDA:0,SidebarController
FNDA:0,activate
FNDA:0,getNavRoutes
FNDA:0,(anonymous_5)
FNDA:0,(anonymous_6)
FNDA:0,isCurrent
DA:2,1
DA:5,1
DA:9,1
DA:11,1
DA:12,0
DA:13,0
DA:14,0
DA:16,0
DA:18,1
DA:20,1
DA:21,0
DA:22,0
DA:24,0
DA:28,1
DA:29,0
DA:30,0
DA:32,0
DA:33,0
LF:18
LH:7
BRDA:22,1,0,0
BRDA:22,1,1,0
BRDA:29,2,0,0
BRDA:29,2,1,0
BRDA:29,3,0,0
BRDA:29,3,1,0
BRDA:29,3,2,0
BRDA:33,4,0,0
BRDA:33,4,1,0
BRF:9
BRH:0
end_of_record
TN:
SF:./src/client/app/search/search.controller.js
FN:1,(anonymous_1)
FN:10,SearchController
FN:16,(anonymous_3)
FN:27,(anonymous_4)
FN:30,(anonymous_5)
FN:32,(anonymous_6)
FNF:6
FNH:1
FNDA:1,(anonymous_1)
FNDA:0,SearchController
FNDA:0,(anonymous_3)
FNDA:0,(anonymous_4)
FNDA:0,(anonymous_5)
FNDA:0,(anonymous_6)
DA:1,1
DA:4,1
DA:8,1
DA:10,1
DA:11,0
DA:12,0
DA:13,0
DA:15,0
DA:16,0
DA:17,0
DA:18,0
DA:19,0
DA:21,0
DA:22,0
DA:26,0
DA:28,0
DA:30,0
DA:31,0
DA:32,0
LF:19
LH:4
BRDA:18,1,0,0
BRDA:18,1,1,0
BRDA:21,2,0,0
BRDA:21,2,1,0
BRF:4
BRH:0
end_of_record
TN:
SF:./src/client/app/search/search.route.js
FN:2,(anonymous_1)
FN:11,appRun
FN:15,getStates
FNF:3
FNH:1
FNDA:1,(anonymous_1)
FNDA:0,appRun
FNDA:0,getStates
DA:2,1
DA:5,1
DA:9,1
DA:11,1
DA:12,0
DA:15,1
DA:16,0
LF:7
LH:5
BRF:0
BRH:0
end_of_record
TN:
SF:./src/client/app/widgets/ht-widget-header.directive.js
FN:2,(anonymous_1)
FN:10,htWidgetHeader
FNF:2
FNH:1
FNDA:1,(anonymous_1)
FNDA:0,htWidgetHeader
DA:2,1
DA:5,1
DA:10,1
DA:17,0
DA:27,0
LF:5
LH:3
BRF:0
BRH:0
end_of_record
